{"D:\\Documents\\Git Hub\\cruise-fleet-frontend\\src\\components\\pages\\Car\\Cars.jsx": {"path":"D:\\Documents\\Git Hub\\cruise-fleet-frontend\\src\\components\\pages\\Car\\Cars.jsx","statementMap":{"0":{"start":{"line":11,"column":13},"end":{"line":27,"column":1}},"1":{"start":{"line":12,"column":19},"end":{"line":12,"column":32}},"2":{"start":{"line":13,"column":15},"end":{"line":13,"column":38}},"3":{"start":{"line":14,"column":17},"end":{"line":14,"column":46}},"4":{"start":{"line":16,"column":2},"end":{"line":18,"column":17}},"5":{"start":{"line":17,"column":4},"end":{"line":17,"column":26}},"6":{"start":{"line":20,"column":2},"end":{"line":26,"column":4}}},"fnMap":{"0":{"name":"(anonymous_0)","decl":{"start":{"line":11,"column":13},"end":{"line":11,"column":14}},"loc":{"start":{"line":11,"column":19},"end":{"line":27,"column":1}},"line":11},"1":{"name":"(anonymous_1)","decl":{"start":{"line":16,"column":12},"end":{"line":16,"column":13}},"loc":{"start":{"line":16,"column":18},"end":{"line":18,"column":3}},"line":16}},"branchMap":{"0":{"loc":{"start":{"line":22,"column":7},"end":{"line":22,"column":51}},"type":"binary-expr","locations":[{"start":{"line":22,"column":7},"end":{"line":22,"column":27}},{"start":{"line":22,"column":31},"end":{"line":22,"column":51}}],"line":22},"1":{"loc":{"start":{"line":23,"column":7},"end":{"line":23,"column":56}},"type":"binary-expr","locations":[{"start":{"line":23,"column":7},"end":{"line":23,"column":26}},{"start":{"line":23,"column":30},"end":{"line":23,"column":56}}],"line":23},"2":{"loc":{"start":{"line":24,"column":7},"end":{"line":24,"column":57}},"type":"binary-expr","locations":[{"start":{"line":24,"column":7},"end":{"line":24,"column":29}},{"start":{"line":24,"column":33},"end":{"line":24,"column":57}}],"line":24}},"s":{"0":1,"1":1,"2":1,"3":1,"4":1,"5":1,"6":1},"f":{"0":1,"1":1},"b":{"0":[1,0],"1":[1,0],"2":[1,0]},"_coverageSchema":"1a1c01bbd47fc00a2c39e90264f33305004495a9","hash":"3a54a390aa42adfb43fd8af3cde17dfc6ddf2bff"}
,"D:\\Documents\\Git Hub\\cruise-fleet-frontend\\src\\components\\pages\\Car\\CarsList.jsx": {"path":"D:\\Documents\\Git Hub\\cruise-fleet-frontend\\src\\components\\pages\\Car\\CarsList.jsx","statementMap":{"0":{"start":{"line":9,"column":19},"end":{"line":13,"column":1}},"1":{"start":{"line":15,"column":21},"end":{"line":21,"column":2}},"2":{"start":{"line":23,"column":17},"end":{"line":71,"column":1}},"3":{"start":{"line":25,"column":2},"end":{"line":70,"column":8}},"4":{"start":{"line":34,"column":10},"end":{"line":66,"column":17}},"5":{"start":{"line":73,"column":0},"end":{"line":75,"column":2}}},"fnMap":{"0":{"name":"(anonymous_0)","decl":{"start":{"line":23,"column":17},"end":{"line":23,"column":18}},"loc":{"start":{"line":25,"column":2},"end":{"line":70,"column":8}},"line":25},"1":{"name":"(anonymous_1)","decl":{"start":{"line":33,"column":18},"end":{"line":33,"column":19}},"loc":{"start":{"line":34,"column":10},"end":{"line":66,"column":17}},"line":34}},"branchMap":{"0":{"loc":{"start":{"line":50,"column":32},"end":{"line":50,"column":72}},"type":"cond-expr","locations":[{"start":{"line":50,"column":51},"end":{"line":50,"column":58}},{"start":{"line":50,"column":61},"end":{"line":50,"column":72}}],"line":50},"1":{"loc":{"start":{"line":56,"column":19},"end":{"line":56,"column":67}},"type":"cond-expr","locations":[{"start":{"line":56,"column":38},"end":{"line":56,"column":49}},{"start":{"line":56,"column":52},"end":{"line":56,"column":67}}],"line":56},"2":{"loc":{"start":{"line":60,"column":19},"end":{"line":62,"column":37}},"type":"cond-expr","locations":[{"start":{"line":61,"column":22},"end":{"line":61,"column":63}},{"start":{"line":62,"column":22},"end":{"line":62,"column":37}}],"line":60}},"s":{"0":1,"1":1,"2":1,"3":0,"4":0,"5":1},"f":{"0":0,"1":0},"b":{"0":[0,0],"1":[0,0],"2":[0,0]},"_coverageSchema":"1a1c01bbd47fc00a2c39e90264f33305004495a9","hash":"95d45679600b4abfc61357556c9b779521c36f4e"}
,"D:\\Documents\\Git Hub\\cruise-fleet-frontend\\src\\components\\shared\\CustomArrow.jsx": {"path":"D:\\Documents\\Git Hub\\cruise-fleet-frontend\\src\\components\\shared\\CustomArrow.jsx","statementMap":{"0":{"start":{"line":5,"column":20},"end":{"line":14,"column":1}},"1":{"start":{"line":6,"column":2},"end":{"line":13,"column":11}},"2":{"start":{"line":16,"column":0},"end":{"line":19,"column":2}}},"fnMap":{"0":{"name":"(anonymous_0)","decl":{"start":{"line":5,"column":20},"end":{"line":5,"column":21}},"loc":{"start":{"line":6,"column":2},"end":{"line":13,"column":11}},"line":6}},"branchMap":{"0":{"loc":{"start":{"line":12,"column":5},"end":{"line":12,"column":68}},"type":"cond-expr","locations":[{"start":{"line":12,"column":28},"end":{"line":12,"column":46}},{"start":{"line":12,"column":49},"end":{"line":12,"column":68}}],"line":12}},"s":{"0":1,"1":0,"2":1},"f":{"0":0},"b":{"0":[0,0]},"_coverageSchema":"1a1c01bbd47fc00a2c39e90264f33305004495a9","hash":"f8ef181a9dab6b5d6a5522a7166c875458920067"}
,"D:\\Documents\\Git Hub\\cruise-fleet-frontend\\src\\components\\shared\\LoadingComponent.jsx": {"path":"D:\\Documents\\Git Hub\\cruise-fleet-frontend\\src\\components\\shared\\LoadingComponent.jsx","statementMap":{"0":{"start":{"line":4,"column":25},"end":{"line":8,"column":1}},"1":{"start":{"line":5,"column":2},"end":{"line":7,"column":8}}},"fnMap":{"0":{"name":"(anonymous_0)","decl":{"start":{"line":4,"column":25},"end":{"line":4,"column":26}},"loc":{"start":{"line":5,"column":2},"end":{"line":7,"column":8}},"line":5}},"branchMap":{},"s":{"0":1,"1":0},"f":{"0":0},"b":{},"_coverageSchema":"1a1c01bbd47fc00a2c39e90264f33305004495a9","hash":"2b9f67fed14386c81e5e73a63efe8bcad5db02e5"}
,"D:\\Documents\\Git Hub\\cruise-fleet-frontend\\src\\redux\\cars\\carsSlice.js": {"path":"D:\\Documents\\Git Hub\\cruise-fleet-frontend\\src\\redux\\cars\\carsSlice.js","statementMap":{"0":{"start":{"line":4,"column":21},"end":{"line":8,"column":1}},"1":{"start":{"line":10,"column":25},"end":{"line":27,"column":4}},"2":{"start":{"line":12,"column":4},"end":{"line":26,"column":5}},"3":{"start":{"line":13,"column":23},"end":{"line":21,"column":7}},"4":{"start":{"line":22,"column":19},"end":{"line":22,"column":45}},"5":{"start":{"line":23,"column":6},"end":{"line":23,"column":18}},"6":{"start":{"line":25,"column":6},"end":{"line":25,"column":29}},"7":{"start":{"line":29,"column":22},"end":{"line":46,"column":2}},"8":{"start":{"line":30,"column":2},"end":{"line":45,"column":3}},"9":{"start":{"line":31,"column":21},"end":{"line":40,"column":5}},"10":{"start":{"line":41,"column":17},"end":{"line":41,"column":36}},"11":{"start":{"line":42,"column":4},"end":{"line":42,"column":16}},"12":{"start":{"line":44,"column":4},"end":{"line":44,"column":27}},"13":{"start":{"line":48,"column":25},"end":{"line":60,"column":2}},"14":{"start":{"line":49,"column":2},"end":{"line":59,"column":3}},"15":{"start":{"line":50,"column":4},"end":{"line":55,"column":7}},"16":{"start":{"line":56,"column":4},"end":{"line":56,"column":14}},"17":{"start":{"line":58,"column":4},"end":{"line":58,"column":27}},"18":{"start":{"line":62,"column":25},"end":{"line":90,"column":2}},"19":{"start":{"line":67,"column":4},"end":{"line":88,"column":9}},"20":{"start":{"line":69,"column":8},"end":{"line":69,"column":33}},"21":{"start":{"line":70,"column":8},"end":{"line":70,"column":31}},"22":{"start":{"line":73,"column":8},"end":{"line":73,"column":35}},"23":{"start":{"line":74,"column":8},"end":{"line":74,"column":37}},"24":{"start":{"line":75,"column":8},"end":{"line":75,"column":55}},"25":{"start":{"line":76,"column":8},"end":{"line":76,"column":45}},"26":{"start":{"line":79,"column":8},"end":{"line":79,"column":32}},"27":{"start":{"line":80,"column":8},"end":{"line":80,"column":43}},"28":{"start":{"line":81,"column":8},"end":{"line":81,"column":28}},"29":{"start":{"line":84,"column":8},"end":{"line":84,"column":41}},"30":{"start":{"line":87,"column":8},"end":{"line":87,"column":77}},"31":{"start":{"line":87,"column":50},"end":{"line":87,"column":75}},"32":{"start":{"line":92,"column":26},"end":{"line":92,"column":53}},"33":{"start":{"line":92,"column":37},"end":{"line":92,"column":53}},"34":{"start":{"line":93,"column":32},"end":{"line":93,"column":60}},"35":{"start":{"line":93,"column":43},"end":{"line":93,"column":60}},"36":{"start":{"line":94,"column":32},"end":{"line":94,"column":98}},"37":{"start":{"line":94,"column":50},"end":{"line":94,"column":98}},"38":{"start":{"line":94,"column":81},"end":{"line":94,"column":97}}},"fnMap":{"0":{"name":"(anonymous_0)","decl":{"start":{"line":11,"column":2},"end":{"line":11,"column":3}},"loc":{"start":{"line":11,"column":14},"end":{"line":27,"column":3}},"line":11},"1":{"name":"(anonymous_1)","decl":{"start":{"line":29,"column":54},"end":{"line":29,"column":55}},"loc":{"start":{"line":29,"column":72},"end":{"line":46,"column":1}},"line":29},"2":{"name":"(anonymous_2)","decl":{"start":{"line":48,"column":60},"end":{"line":48,"column":61}},"loc":{"start":{"line":48,"column":74},"end":{"line":60,"column":1}},"line":48},"3":{"name":"(anonymous_3)","decl":{"start":{"line":66,"column":17},"end":{"line":66,"column":18}},"loc":{"start":{"line":66,"column":30},"end":{"line":89,"column":3}},"line":66},"4":{"name":"(anonymous_4)","decl":{"start":{"line":68,"column":34},"end":{"line":68,"column":35}},"loc":{"start":{"line":68,"column":45},"end":{"line":71,"column":7}},"line":68},"5":{"name":"(anonymous_5)","decl":{"start":{"line":72,"column":36},"end":{"line":72,"column":37}},"loc":{"start":{"line":72,"column":55},"end":{"line":77,"column":7}},"line":72},"6":{"name":"(anonymous_6)","decl":{"start":{"line":78,"column":35},"end":{"line":78,"column":36}},"loc":{"start":{"line":78,"column":54},"end":{"line":82,"column":7}},"line":78},"7":{"name":"(anonymous_7)","decl":{"start":{"line":83,"column":33},"end":{"line":83,"column":34}},"loc":{"start":{"line":83,"column":52},"end":{"line":85,"column":7}},"line":83},"8":{"name":"(anonymous_8)","decl":{"start":{"line":86,"column":36},"end":{"line":86,"column":37}},"loc":{"start":{"line":86,"column":55},"end":{"line":88,"column":7}},"line":86},"9":{"name":"(anonymous_9)","decl":{"start":{"line":87,"column":41},"end":{"line":87,"column":42}},"loc":{"start":{"line":87,"column":50},"end":{"line":87,"column":75}},"line":87},"10":{"name":"(anonymous_10)","decl":{"start":{"line":92,"column":26},"end":{"line":92,"column":27}},"loc":{"start":{"line":92,"column":37},"end":{"line":92,"column":53}},"line":92},"11":{"name":"(anonymous_11)","decl":{"start":{"line":93,"column":32},"end":{"line":93,"column":33}},"loc":{"start":{"line":93,"column":43},"end":{"line":93,"column":60}},"line":93},"12":{"name":"(anonymous_12)","decl":{"start":{"line":94,"column":32},"end":{"line":94,"column":33}},"loc":{"start":{"line":94,"column":50},"end":{"line":94,"column":98}},"line":94},"13":{"name":"(anonymous_13)","decl":{"start":{"line":94,"column":72},"end":{"line":94,"column":73}},"loc":{"start":{"line":94,"column":81},"end":{"line":94,"column":97}},"line":94}},"branchMap":{},"s":{"0":1,"1":1,"2":1,"3":1,"4":1,"5":1,"6":0,"7":1,"8":0,"9":0,"10":0,"11":0,"12":0,"13":1,"14":0,"15":0,"16":0,"17":0,"18":1,"19":0,"20":0,"21":0,"22":0,"23":0,"24":0,"25":0,"26":0,"27":0,"28":0,"29":0,"30":0,"31":0,"32":1,"33":0,"34":1,"35":0,"36":1,"37":0,"38":0},"f":{"0":1,"1":0,"2":0,"3":0,"4":0,"5":0,"6":0,"7":0,"8":0,"9":0,"10":0,"11":0,"12":0,"13":0},"b":{},"_coverageSchema":"1a1c01bbd47fc00a2c39e90264f33305004495a9","hash":"d03e4acf7d67dd12fef16783b67fecd2b3d94708"}
}
