TN:
SF:src\components\pages\Car\Cars.jsx
FN:11,(anonymous_0)
FN:16,(anonymous_1)
FNF:2
FNH:2
FNDA:1,(anonymous_0)
FNDA:1,(anonymous_1)
DA:11,1
DA:12,1
DA:13,1
DA:14,1
DA:16,1
DA:17,1
DA:20,1
LF:7
LH:7
BRDA:22,0,0,1
BRDA:22,0,1,0
BRDA:23,1,0,1
BRDA:23,1,1,0
BRDA:24,2,0,1
BRDA:24,2,1,0
BRF:6
BRH:3
end_of_record
TN:
SF:src\components\pages\Car\CarsList.jsx
FN:23,(anonymous_0)
FN:33,(anonymous_1)
FNF:2
FNH:0
FNDA:0,(anonymous_0)
FNDA:0,(anonymous_1)
DA:9,1
DA:15,1
DA:23,1
DA:25,0
DA:34,0
DA:73,1
LF:6
LH:4
BRDA:50,0,0,0
BRDA:50,0,1,0
BRDA:56,1,0,0
BRDA:56,1,1,0
BRDA:60,2,0,0
BRDA:60,2,1,0
BRF:6
BRH:0
end_of_record
TN:
SF:src\components\shared\CustomArrow.jsx
FN:5,(anonymous_0)
FNF:1
FNH:0
FNDA:0,(anonymous_0)
DA:5,1
DA:6,0
DA:16,1
LF:3
LH:2
BRDA:12,0,0,0
BRDA:12,0,1,0
BRF:2
BRH:0
end_of_record
TN:
SF:src\components\shared\LoadingComponent.jsx
FN:4,(anonymous_0)
FNF:1
FNH:0
FNDA:0,(anonymous_0)
DA:4,1
DA:5,0
LF:2
LH:1
BRF:0
BRH:0
end_of_record
TN:
SF:src\redux\cars\carsSlice.js
FN:11,(anonymous_0)
FN:29,(anonymous_1)
FN:48,(anonymous_2)
FN:66,(anonymous_3)
FN:68,(anonymous_4)
FN:72,(anonymous_5)
FN:78,(anonymous_6)
FN:83,(anonymous_7)
FN:86,(anonymous_8)
FN:87,(anonymous_9)
FN:92,(anonymous_10)
FN:93,(anonymous_11)
FN:94,(anonymous_12)
FN:94,(anonymous_13)
FNF:14
FNH:1
FNDA:1,(anonymous_0)
FNDA:0,(anonymous_1)
FNDA:0,(anonymous_2)
FNDA:0,(anonymous_3)
FNDA:0,(anonymous_4)
FNDA:0,(anonymous_5)
FNDA:0,(anonymous_6)
FNDA:0,(anonymous_7)
FNDA:0,(anonymous_8)
FNDA:0,(anonymous_9)
FNDA:0,(anonymous_10)
FNDA:0,(anonymous_11)
FNDA:0,(anonymous_12)
FNDA:0,(anonymous_13)
DA:4,1
DA:10,1
DA:12,1
DA:13,1
DA:22,1
DA:23,1
DA:25,0
DA:29,1
DA:30,0
DA:31,0
DA:41,0
DA:42,0
DA:44,0
DA:48,1
DA:49,0
DA:50,0
DA:56,0
DA:58,0
DA:62,1
DA:67,0
DA:69,0
DA:70,0
DA:73,0
DA:74,0
DA:75,0
DA:76,0
DA:79,0
DA:80,0
DA:81,0
DA:84,0
DA:87,0
DA:92,1
DA:93,1
DA:94,1
LF:34
LH:12
BRF:0
BRH:0
end_of_record
